  AttackController.cpp
  ControlCenter.cpp
  FightController.cpp
  CreateHeroController.cpp
  GameController.cpp
  GameMapGenerator.cpp
  Fighter.cpp
  Skill.cpp
  HarmfulEffect.cpp
  SkillEffect.cpp
  NormalAttack.cpp
  FightableMob.cpp
  Map.cpp
  MapLinker.cpp
  GameMap.cpp
  MapBuilder.cpp
  DamageObject.cpp
  Fightable.cpp
  GameObject.cpp
  Mob.cpp
  正在產生程式碼...
E:\vs\project\RPG\RPG\ControlCenter\Controller\CreateHeroController.cpp(20): warning C4715: 'CreateHeroController::createPlayer': 不是所有控制路徑都傳回值
  正在編譯...
  NPC.cpp
  Player.cpp
  RPG.cpp
  Wolf.cpp
  正在產生程式碼...
  RPG.vcxproj -> E:\vs\project\RPG\x64\Debug\RPG.exe
