e:\vs\project\rpg\rpg\x64\debug\vc143.pdb
e:\vs\project\rpg\rpg\x64\debug\vc143.idb
e:\vs\project\rpg\rpg\x64\debug\rpg.obj
e:\vs\project\rpg\rpg\x64\debug\player.obj
e:\vs\project\rpg\rpg\x64\debug\npc.obj
e:\vs\project\rpg\rpg\x64\debug\mob.obj
e:\vs\project\rpg\rpg\x64\debug\gameobject.obj
e:\vs\project\rpg\rpg\x64\debug\fightable.obj
e:\vs\project\rpg\rpg\x64\debug\damageobject.obj
e:\vs\project\rpg\rpg\x64\debug\creater.obj
e:\vs\project\rpg\rpg\x64\debug\controlcenter.obj
e:\vs\project\rpg\rpg\x64\debug\controller.obj
e:\vs\project\rpg\rpg\x64\debug\attackcontroller.obj
e:\vs\project\rpg\rpg\x64\debug\damagecalculator.obj
e:\vs\project\rpg\rpg\x64\debug\fightablemob.obj
e:\vs\project\rpg\rpg\x64\debug\testmonster1.obj
e:\vs\project\rpg\rpg\x64\debug\damagecaculator.obj
e:\vs\project\rpg\rpg\x64\debug\fightcontroller.obj
e:\vs\project\rpg\rpg\x64\debug\normalattack.obj
e:\vs\project\rpg\rpg\x64\debug\outputcontroller.obj
e:\vs\project\rpg\rpg\x64\debug\skilleffect.obj
e:\vs\project\rpg\rpg\x64\debug\harmfuleffect.obj
e:\vs\project\rpg\rpg\x64\debug\skill.obj
e:\vs\project\rpg\rpg\x64\debug\fightercreater.obj
e:\vs\project\rpg\rpg\x64\debug\fighter.obj
e:\vs\project\rpg\rpg\x64\debug\createherocontroller.obj
e:\vs\project\rpg\rpg\x64\debug\gamecontroller.obj
e:\vs\project\rpg\rpg\x64\debug\map.obj
e:\vs\project\rpg\rpg\x64\debug\beginnervillage.obj
e:\vs\project\rpg\rpg\x64\debug\gamemap.obj
e:\vs\project\rpg\rpg\x64\debug\gamemapgenerator.obj
e:\vs\project\rpg\rpg\x64\debug\mapbuilder.obj
e:\vs\project\rpg\rpg\x64\debug\maplinker.obj
e:\vs\project\rpg\rpg\x64\debug\wolf.obj
e:\vs\project\rpg\x64\debug\rpg.exe
e:\vs\project\rpg\rpg\x64\debug\rpg.ilk
e:\vs\project\rpg\x64\debug\rpg.pdb
e:\vs\project\rpg\rpg\x64\debug\playercreater.obj
e:\vs\project\rpg\rpg\x64\debug\test.obj
e:\vs\project\rpg\rpg\x64\debug\gamemapgenerator.obj.enc
e:\vs\project\rpg\rpg\x64\debug\rpg.tlog\cl.command.1.tlog
e:\vs\project\rpg\rpg\x64\debug\rpg.tlog\cl.read.1.tlog
e:\vs\project\rpg\rpg\x64\debug\rpg.tlog\cl.write.1.tlog
e:\vs\project\rpg\rpg\x64\debug\rpg.tlog\link.command.1.tlog
e:\vs\project\rpg\rpg\x64\debug\rpg.tlog\link.read.1.tlog
e:\vs\project\rpg\rpg\x64\debug\rpg.tlog\link.write.1.tlog
